<?xml version="1.0" encoding="UTF-8"?>
<!-- Generated by org.testng.reporters.JUnitReportReporter -->
<testsuite hostname="DESKTOP-U9882TR" failures="0" tests="1" name="tests.HomeWorkSearch" time="95.035" errors="0" timestamp="2024-07-01T21:26:21 EEST" skipped="0">
  <testcase classname="tests.HomeWorkSearch" name="searchWhileLogged" time="95.035"/>
  <system-out/>
</testsuite> <!-- tests.HomeWorkSearch -->
