<?xml version="1.0" encoding="UTF-8"?>
<!-- Generated by org.testng.reporters.JUnitReportReporter -->
<testsuite hostname="DESKTOP-U9882TR" failures="0" tests="1" name="tests.LoginTest" time="29.263" errors="0" timestamp="2024-07-01T19:18:52 EEST" skipped="0">
  <testcase classname="tests.LoginTest" name="validLogin" time="29.263"/>
  <system-out/>
</testsuite> <!-- tests.LoginTest -->
