<?xml version="1.0" encoding="UTF-8"?>
<!-- Generated by org.testng.reporters.JUnitReportReporter -->
<testsuite hostname="DESKTOP-U9882TR" failures="0" tests="1" name="tests.HomeWorkSearch" time="89.506" errors="0" timestamp="2024-07-01T20:39:50 EEST" skipped="0">
  <testcase classname="tests.HomeWorkSearch" name="searchWhileLogged" time="89.506"/>
  <system-out/>
</testsuite> <!-- tests.HomeWorkSearch -->
